<?xml version="1.0" encoding="UTF-8"?>
<!-- Generated by org.testng.reporters.JUnitReportReporter -->
<testsuite hostname="DESKTOP-T8TMCTT" failures="0" tests="5" name="xmlStudy.MyTest2" time="0.008" errors="0" timestamp="2022-06-13T23:26:42 IST" skipped="0">
  <testcase classname="xmlStudy.MyTest2" name="myMethod10" time="0.002"/>
  <system-out>
    <![CDATA[myMethod10 is running]]>
  </system-out>
  <testcase classname="xmlStudy.MyTest2" name="myMethod7" time="0.001"/>
  <system-out>
    <![CDATA[myMethod7 is running]]>
  </system-out>
  <testcase classname="xmlStudy.MyTest2" name="myMethod6" time="0.002"/>
  <system-out>
    <![CDATA[myMethod6 is running]]>
  </system-out>
  <testcase classname="xmlStudy.MyTest2" name="myMethod8" time="0.001"/>
  <system-out>
    <![CDATA[myMethod8 is running]]>
  </system-out>
  <testcase classname="xmlStudy.MyTest2" name="myMethod9" time="0.002"/>
  <system-out>
    <![CDATA[myMethod9 is running]]>
  </system-out>
</testsuite> <!-- xmlStudy.MyTest2 -->
