<?xml version="1.0" encoding="UTF-8"?>
<!-- Generated by org.testng.reporters.JUnitReportReporter -->
<testsuite hostname="DESKTOP-T8TMCTT" failures="0" tests="5" name="xmlStudy.MyNewTest" time="0.015" errors="0" timestamp="2022-06-13T23:26:42 IST" skipped="0">
  <testcase classname="xmlStudy.MyNewTest" name="myMethod2" time="0.006"/>
  <system-out>
    <![CDATA[myMethod2 is running]]>
  </system-out>
  <testcase classname="xmlStudy.MyNewTest" name="myMethod1" time="0.003"/>
  <system-out>
    <![CDATA[myMethod1 is running]]>
  </system-out>
  <testcase classname="xmlStudy.MyNewTest" name="myMethod3" time="0.002"/>
  <system-out>
    <![CDATA[myMethod3 is running]]>
  </system-out>
  <testcase classname="xmlStudy.MyNewTest" name="myMethod4" time="0.002"/>
  <system-out>
    <![CDATA[myMethod4 is running]]>
  </system-out>
  <testcase classname="xmlStudy.MyNewTest" name="myMethod5" time="0.002"/>
  <system-out>
    <![CDATA[myMethod5 is running]]>
  </system-out>
</testsuite> <!-- xmlStudy.MyNewTest -->
