<?xml version="1.0" encoding="UTF-8"?>
<!-- Generated by org.testng.reporters.JUnitReportReporter -->
<testsuite hostname="DESKTOP-T8TMCTT" failures="0" tests="1" name="KiteAppTestClasses.KiteUNtestUsingProperty" time="3.327" errors="0" timestamp="2022-06-25T12:02:02 IST" skipped="0">
  <testcase classname="KiteAppTestClasses.KiteUNtestUsingProperty" name="ValidateUserName" time="3.327"/>
  <system-out>
    <![CDATA[Actual and Expected are matching, TC is passed]]>
  </system-out>
</testsuite> <!-- KiteAppTestClasses.KiteUNtestUsingProperty -->
