<?xml version="1.0" encoding="UTF-8"?>
<!-- Generated by org.testng.reporters.JUnitReportReporter -->
<testsuite hostname="DESKTOP-T8TMCTT" failures="0" tests="5" name="xmlStudy.MyTest1" time="0.005" errors="0" timestamp="2022-06-13T23:26:42 IST" skipped="0">
  <testcase classname="xmlStudy.MyTest1" name="myMethod3" time="0.001"/>
  <system-out>
    <![CDATA[myMethod3 is running]]>
  </system-out>
  <testcase classname="xmlStudy.MyTest1" name="myMethod2" time="0.002"/>
  <system-out>
    <![CDATA[myMethod2 is running]]>
  </system-out>
  <testcase classname="xmlStudy.MyTest1" name="myMethod1" time="0.001"/>
  <system-out>
    <![CDATA[myMethod1 is running]]>
  </system-out>
  <testcase classname="xmlStudy.MyTest1" name="myMethod4" time="0.001"/>
  <system-out>
    <![CDATA[myMethod4 is running]]>
  </system-out>
  <testcase classname="xmlStudy.MyTest1" name="myMethod5" time="0.000"/>
  <system-out>
    <![CDATA[myMethod5 is running]]>
  </system-out>
</testsuite> <!-- xmlStudy.MyTest1 -->
