<?xml version="1.0" encoding="UTF-8"?>
<!-- Generated by org.testng.reporters.JUnitReportReporter -->
<testsuite hostname="DESKTOP-T8TMCTT" failures="0" tests="1" name="parallelTestNG.Guru99Class" time="105.980" errors="0" timestamp="2022-06-14T19:20:57 IST" skipped="0">
  <testcase classname="parallelTestNG.Guru99Class" name="GoogleMethod" time="105.980"/>
  <system-out>
    <![CDATA[You are searching the automation-testing webpage]]>
  </system-out>
</testsuite> <!-- parallelTestNG.Guru99Class -->
