<?xml version="1.0" encoding="UTF-8"?>
<!-- Generated by org.testng.reporters.JUnitReportReporter -->
<testsuite hostname="DESKTOP-T8TMCTT" failures="0" tests="5" name="TestNGKeyword.PriorityUse" time="0.020" errors="0" timestamp="2022-06-14T22:10:03 IST" skipped="0">
  <testcase classname="TestNGKeyword.PriorityUse" name="E" time="0.015"/>
  <system-out>
    <![CDATA[metod E is running]]>
  </system-out>
  <testcase classname="TestNGKeyword.PriorityUse" name="A" time="0.003"/>
  <system-out>
    <![CDATA[metod A is running]]>
  </system-out>
  <testcase classname="TestNGKeyword.PriorityUse" name="C" time="0.001"/>
  <system-out>
    <![CDATA[metod C is running]]>
  </system-out>
  <testcase classname="TestNGKeyword.PriorityUse" name="D" time="0.001"/>
  <system-out>
    <![CDATA[metod D is running]]>
  </system-out>
  <testcase classname="TestNGKeyword.PriorityUse" name="B" time="0.000"/>
  <system-out>
    <![CDATA[metod B is running]]>
  </system-out>
</testsuite> <!-- TestNGKeyword.PriorityUse -->
