<?xml version="1.0" encoding="UTF-8"?>
<!-- Generated by org.testng.reporters.JUnitReportReporter -->
<testsuite hostname="DESKTOP-T8TMCTT" failures="0" tests="5" name="TestNGKeyword.TimeOutsUse" time="0.937" errors="0" timestamp="2022-06-14T22:14:50 IST" skipped="0">
  <testcase classname="TestNGKeyword.TimeOutsUse" name="D" time="0.923"/>
  <system-out>
    <![CDATA[metod D is running]]>
  </system-out>
  <testcase classname="TestNGKeyword.TimeOutsUse" name="C" time="0.001"/>
  <system-out>
    <![CDATA[metod C is running]]>
  </system-out>
  <testcase classname="TestNGKeyword.TimeOutsUse" name="A" time="0.011"/>
  <system-out>
    <![CDATA[metod A is running]]>
  </system-out>
  <testcase classname="TestNGKeyword.TimeOutsUse" name="B" time="0.001"/>
  <system-out>
    <![CDATA[metod B is running]]>
  </system-out>
  <testcase classname="TestNGKeyword.TimeOutsUse" name="E" time="0.001"/>
  <system-out>
    <![CDATA[metod E is running]]>
  </system-out>
</testsuite> <!-- TestNGKeyword.TimeOutsUse -->
