<?xml version="1.0" encoding="UTF-8"?>
<!-- Generated by org.testng.reporters.JUnitReportReporter -->
<testsuite hostname="DESKTOP-T8TMCTT" failures="0" tests="2" name="testNG_Grouping.GroupTest1" time="0.011" errors="0" timestamp="2022-06-14T22:19:51 IST" skipped="0">
  <testcase classname="testNG_Grouping.GroupTest1" name="TC10" time="0.010"/>
  <system-out>
    <![CDATA[TC10 Regression is running]]>
  </system-out>
  <testcase classname="testNG_Grouping.GroupTest1" name="TC12" time="0.001"/>
  <system-out>
    <![CDATA[TC12 Sanity is running]]>
  </system-out>
</testsuite> <!-- testNG_Grouping.GroupTest1 -->
