<?xml version="1.0" encoding="UTF-8"?>
<!-- Generated by org.testng.reporters.JUnitReportReporter -->
<testsuite hostname="DESKTOP-T8TMCTT" failures="0" tests="1" name="testNGListner.MyTestClass" time="0.012" errors="0" timestamp="2022-06-22T19:10:19 IST" skipped="0">
  <testcase classname="testNGListner.MyTestClass" name="myMethod" time="0.012"/>
  <system-out>
    <![CDATA[Hii Have a nice day
TC is Success]]>
  </system-out>
</testsuite> <!-- testNGListner.MyTestClass -->
