<?xml version="1.0" encoding="UTF-8"?>
<!-- Generated by org.testng.reporters.JUnitReportReporter -->
<testsuite hostname="DESKTOP-T8TMCTT" failures="0" tests="1" name="AssertStudy.AssertTrueFalse" time="0.019" errors="0" timestamp="2022-06-15T21:19:18 IST" skipped="0">
  <testcase classname="AssertStudy.AssertTrueFalse" name="method" time="0.019"/>
  <system-out>
    <![CDATA[Value is true TC is passed]]>
  </system-out>
</testsuite> <!-- AssertStudy.AssertTrueFalse -->
