<?xml version="1.0" encoding="UTF-8"?>
<!-- Generated by org.testng.reporters.JUnitReportReporter -->
<testsuite hostname="DESKTOP-T8TMCTT" failures="0" tests="5" name="TestNGKeyword.MyTest" time="0.020" errors="0" timestamp="2022-06-13T17:30:52 IST" skipped="1">
  <testcase classname="TestNGKeyword.MyTest" name="E" time="0.000"/>
  <system-out>
    <![CDATA[metod E is running]]>
  </system-out>
  <testcase classname="TestNGKeyword.MyTest" name="C" time="0.001"/>
  <system-out>
    <![CDATA[metod C is running]]>
  </system-out>
  <testcase classname="TestNGKeyword.MyTest" name="B" time="0.008"/>
  <system-out>
    <![CDATA[metod B is running]]>
  </system-out>
  <testcase classname="TestNGKeyword.MyTest" name="A" time="0.011"/>
  <system-out>
    <![CDATA[metod A is running]]>
  </system-out>
  <testcase classname="TestNGKeyword.MyTest" name="D">
    <skipped/>
  </testcase> <!-- D -->
  <system-out/>
</testsuite> <!-- TestNGKeyword.MyTest -->
