<?xml version="1.0" encoding="UTF-8"?>
<!-- Generated by org.testng.reporters.JUnitReportReporter -->
<testsuite hostname="DESKTOP-T8TMCTT" failures="0" tests="1" name="AssertStudy.Verification" time="32.116" errors="0" timestamp="2022-06-15T20:31:00 IST" skipped="0">
  <testcase classname="AssertStudy.Verification" name="myTest" time="32.116"/>
  <system-out>
    <![CDATA[CheckBox is selected TC is passed]]>
  </system-out>
</testsuite> <!-- AssertStudy.Verification -->
