<?xml version="1.0" encoding="UTF-8"?>
<!-- Generated by org.testng.reporters.JUnitReportReporter -->
<testsuite hostname="DESKTOP-T8TMCTT" failures="0" tests="3" name="testNG.NewTest" time="110.983" errors="0" timestamp="2022-06-14T18:54:34 IST" skipped="0">
  <testcase classname="testNG.NewTest" name="flipkartMethod" time="65.923"/>
  <system-out>
    <![CDATA[You are searching the flipkart homepage]]>
  </system-out>
  <testcase classname="testNG.NewTest" name="GoogleMethod" time="17.500"/>
  <system-out>
    <![CDATA[You are searching the google search webpage]]>
  </system-out>
  <testcase classname="testNG.NewTest" name="AmazonMethod" time="27.560"/>
  <system-out>
    <![CDATA[You are searching the Amazon homepage]]>
  </system-out>
</testsuite> <!-- testNG.NewTest -->
