<?xml version="1.0" encoding="UTF-8"?>
<!-- Generated by org.testng.reporters.JUnitReportReporter -->
<testsuite hostname="DESKTOP-T8TMCTT" failures="0" tests="3" name="TestNGKeyword.InvocationCountUse" time="0.020" errors="0" timestamp="2022-06-16T20:17:35 IST" skipped="0">
  <testcase classname="TestNGKeyword.InvocationCountUse" name="myMethod" time="0.014"/>
  <system-out>
    <![CDATA[myMethod is running]]>
  </system-out>
  <testcase classname="TestNGKeyword.InvocationCountUse" name="myMethod" time="0.002"/>
  <system-out>
    <![CDATA[myMethod is running]]>
  </system-out>
  <testcase classname="TestNGKeyword.InvocationCountUse" name="myMethod" time="0.004"/>
  <system-out>
    <![CDATA[myMethod is running]]>
  </system-out>
</testsuite> <!-- TestNGKeyword.InvocationCountUse -->
