<?xml version="1.0" encoding="UTF-8"?>
<!-- Generated by org.testng.reporters.JUnitReportReporter -->
<testsuite hostname="DESKTOP-T8TMCTT" failures="0" tests="1" name="KiteWithExcel.KiteTestClassUsingTestNg" time="4.958" errors="0" timestamp="2022-06-18T22:14:47 IST" skipped="0">
  <testcase classname="KiteWithExcel.KiteTestClassUsingTestNg" name="verifyKiteUserName" time="4.958"/>
  <system-out>
    <![CDATA[Validating user ID
Expected userID and Actual userID are matching TC is passed]]>
  </system-out>
</testsuite> <!-- KiteWithExcel.KiteTestClassUsingTestNg -->
