<?xml version="1.0" encoding="UTF-8"?>
<!-- Generated by org.testng.reporters.JUnitReportReporter -->
<testsuite hostname="DESKTOP-T8TMCTT" failures="0" tests="1" name="KiteAppTestClasses.ValidateUserID" time="5.573" errors="0" timestamp="2022-06-22T12:13:07 IST" skipped="0">
  <testcase classname="KiteAppTestClasses.ValidateUserID" name="validateUserName" time="5.573"/>
  <system-out>
    <![CDATA[UserName is matching then TC is passed
Take screenshot]]>
  </system-out>
</testsuite> <!-- KiteAppTestClasses.ValidateUserID -->
