<?xml version="1.0" encoding="UTF-8"?>
<!-- Generated by org.testng.reporters.JUnitReportReporter -->
<testsuite hostname="DESKTOP-T8TMCTT" failures="0" tests="5" name="TestNGKeyword.DependsOnMethodUse" time="0.030" errors="0" timestamp="2022-06-14T22:16:58 IST" skipped="0">
  <testcase classname="TestNGKeyword.DependsOnMethodUse" name="B" time="0.006"/>
  <system-out>
    <![CDATA[metod B is running]]>
  </system-out>
  <testcase classname="TestNGKeyword.DependsOnMethodUse" name="C" time="0.001"/>
  <system-out>
    <![CDATA[metod C is running]]>
  </system-out>
  <testcase classname="TestNGKeyword.DependsOnMethodUse" name="A" time="0.001"/>
  <system-out>
    <![CDATA[metod A is running]]>
  </system-out>
  <testcase classname="TestNGKeyword.DependsOnMethodUse" name="E" time="0.019"/>
  <system-out>
    <![CDATA[metod E is running]]>
  </system-out>
  <testcase classname="TestNGKeyword.DependsOnMethodUse" name="D" time="0.003"/>
  <system-out>
    <![CDATA[metod D is running]]>
  </system-out>
</testsuite> <!-- TestNGKeyword.DependsOnMethodUse -->
