<?xml version="1.0" encoding="UTF-8"?>
<!-- Generated by org.testng.reporters.JUnitReportReporter -->
<testsuite hostname="DESKTOP-T8TMCTT" failures="0" tests="2" name="testNGListener.Mumbai" time="0.003" errors="0" timestamp="2022-06-22T19:49:16 IST" skipped="0">
  <testcase classname="testNGListener.Mumbai" name="Vashi" time="0.000"/>
  <system-out>
    <![CDATA[Vashi TC is running
TC is Success]]>
  </system-out>
  <testcase classname="testNGListener.Mumbai" name="Kalyan" time="0.003"/>
  <system-out>
    <![CDATA[Kalyan TC is running
TC is Success]]>
  </system-out>
</testsuite> <!-- testNGListener.Mumbai -->
