<?xml version="1.0" encoding="UTF-8"?>
<!-- Generated by org.testng.reporters.JUnitReportReporter -->
<testsuite hostname="DESKTOP-T8TMCTT" failures="0" tests="4" name="testNG_Grouping.GroupTest" time="0.003" errors="0" timestamp="2022-06-14T22:19:51 IST" skipped="0">
  <testcase classname="testNG_Grouping.GroupTest" name="TC2" time="0.000"/>
  <system-out>
    <![CDATA[TC2 Regression is running]]>
  </system-out>
  <testcase classname="testNG_Grouping.GroupTest" name="TC8" time="0.001"/>
  <system-out>
    <![CDATA[TC8 Sanity is running]]>
  </system-out>
  <testcase classname="testNG_Grouping.GroupTest" name="TC5" time="0.001"/>
  <system-out>
    <![CDATA[TC5 Regression is running]]>
  </system-out>
  <testcase classname="testNG_Grouping.GroupTest" name="TC6" time="0.001"/>
  <system-out>
    <![CDATA[TC6 Sanity is running]]>
  </system-out>
</testsuite> <!-- testNG_Grouping.GroupTest -->
