<?xml version="1.0" encoding="UTF-8"?>
<!-- Generated by org.testng.reporters.JUnitReportReporter -->
<testsuite hostname="DESKTOP-T8TMCTT" failures="0" tests="2" name="testNG.Annotation" time="0.007" errors="0" timestamp="2022-06-13T23:26:42 IST" skipped="0">
  <testcase classname="testNG.Annotation" name="myMethod" time="0.004"/>
  <system-out>
    <![CDATA[First method is running]]>
  </system-out>
  <testcase classname="testNG.Annotation" name="myMethod1" time="0.003"/>
  <system-out>
    <![CDATA[Second method is running]]>
  </system-out>
</testsuite> <!-- testNG.Annotation -->
