<?xml version="1.0" encoding="UTF-8"?>
<!-- Generated by org.testng.reporters.JUnitReportReporter -->
<testsuite hostname="DESKTOP-T8TMCTT" failures="0" tests="5" name="TestNGKeyword.EnabledUse" time="0.026" errors="0" timestamp="2022-06-14T22:11:38 IST" skipped="1">
  <testcase classname="TestNGKeyword.EnabledUse" name="E" time="0.002"/>
  <system-out>
    <![CDATA[metod E is running]]>
  </system-out>
  <testcase classname="TestNGKeyword.EnabledUse" name="D" time="0.000"/>
  <system-out>
    <![CDATA[metod D is running]]>
  </system-out>
  <testcase classname="TestNGKeyword.EnabledUse" name="A" time="0.023"/>
  <system-out>
    <![CDATA[metod A is running]]>
  </system-out>
  <testcase classname="TestNGKeyword.EnabledUse" name="B" time="0.001"/>
  <system-out>
    <![CDATA[metod B is running]]>
  </system-out>
  <testcase classname="TestNGKeyword.EnabledUse" name="C">
    <skipped/>
  </testcase> <!-- C -->
  <system-out/>
</testsuite> <!-- TestNGKeyword.EnabledUse -->
