<?xml version="1.0" encoding="UTF-8"?>
<!-- Generated by org.testng.reporters.JUnitReportReporter -->
<testsuite hostname="DESKTOP-T8TMCTT" failures="0" tests="2" name="testNGListener.Pune" time="0.019" errors="0" timestamp="2022-06-22T19:49:16 IST" skipped="0">
  <testcase classname="testNGListener.Pune" name="Swargate" time="0.000"/>
  <system-out>
    <![CDATA[Swargate TC is running
TC is Success]]>
  </system-out>
  <testcase classname="testNGListener.Pune" name="Chakan" time="0.019"/>
  <system-out>
    <![CDATA[Chakan TC is running
TC is Success]]>
  </system-out>
</testsuite> <!-- testNGListener.Pune -->
