<?xml version="1.0" encoding="UTF-8"?>
<!-- Generated by org.testng.reporters.JUnitReportReporter -->
<testsuite hostname="DESKTOP-T8TMCTT" failures="0" tests="1" name="parallelTestNG.VctcClass" time="27.678" errors="0" timestamp="2022-06-14T19:20:57 IST" skipped="0">
  <testcase classname="parallelTestNG.VctcClass" name="VctcMethod" time="27.678"/>
  <system-out>
    <![CDATA[You are searching the practice webpage]]>
  </system-out>
</testsuite> <!-- parallelTestNG.VctcClass -->
